************* Module Command line
Command line:1:0: W0012: Unknown option value for '--disable', expected a valid pylint message and got 'W1213' (unknown-option-value)
************* Module app
/code/app/__init__.py:36:8: C0415: Import outside toplevel (api.api) (import-outside-toplevel)
************* Module app.models
/code/app/models.py:915:0: C0301: Line too long (109/100) (line-too-long)
/code/app/models.py:1056:0: C0301: Line too long (107/100) (line-too-long)
/code/app/models.py:1:0: C0302: Too many lines in module (1253/1000) (too-many-lines)
/code/app/models.py:2:1: W0511: TODO refactor to allow database to not know about flask-server or similar (fixme)
/code/app/models.py:3:1: W0511: TODO task launcher: why put it into the user class? (fixme)
/code/app/models.py:102:9: W0511: TODO needed? (fixme)
/code/app/models.py:192:1: W0511: TODO replace with better name? (fixme)
/code/app/models.py:222:51: W0511: TODO change name (fixme)
/code/app/models.py:248:30: W0511: TODO: remove dependancy (fixme)
/code/app/models.py:307:8: W0511: TODO add those to the META_FIELDS (fixme)
/code/app/models.py:594:48: W0511: FIXME -> delete should be outside (fixme)
/code/app/models.py:627:37: W0511: TODO current user or dataset owner user? (fixme)
/code/app/models.py:100:4: C0116: Missing function or method docstring (missing-function-docstring)
/code/app/models.py:130:8: R1715: Consider using dict.get for getting values from a dict if a key is present or a default if not (consider-using-get)
/code/app/models.py:153:8: R1715: Consider using dict.get for getting values from a dict if a key is present or a default if not (consider-using-get)
/code/app/models.py:182:8: W0702: No exception type(s) specified (bare-except)
/code/app/models.py:204:4: C0116: Missing function or method docstring (missing-function-docstring)
/code/app/models.py:216:12: R1735: Consider using {} instead of dict() (use-dict-literal)
/code/app/models.py:222:0: R0903: Too few public methods (0/2) (too-few-public-methods)
/code/app/models.py:434:20: C2801: Unnecessarily calls dunder method __setattr__. Set attribute directly or use setattr built-in function. (unnecessary-dunder-call)
/code/app/models.py:439:20: C2801: Unnecessarily calls dunder method __setattr__. Set attribute directly or use setattr built-in function. (unnecessary-dunder-call)
/code/app/models.py:444:15: C2801: Unnecessarily calls dunder method __getattribute__. Access attribute directly or use getattr built-in function. (unnecessary-dunder-call)
/code/app/models.py:445:16: C2801: Unnecessarily calls dunder method __setattr__. Set attribute directly or use setattr built-in function. (unnecessary-dunder-call)
/code/app/models.py:446:35: C2801: Unnecessarily calls dunder method __getattribute__. Access attribute directly or use getattr built-in function. (unnecessary-dunder-call)
/code/app/models.py:453:12: C2801: Unnecessarily calls dunder method __setattr__. Set attribute directly or use setattr built-in function. (unnecessary-dunder-call)
/code/app/models.py:455:19: C0201: Consider iterating the dictionary directly instead of calling .keys() (consider-iterating-dictionary)
/code/app/models.py:458:12: C2801: Unnecessarily calls dunder method __setattr__. Set attribute directly or use setattr built-in function. (unnecessary-dunder-call)
/code/app/models.py:585:31: R1718: Consider using a set comprehension (consider-using-set-comprehension)
/code/app/models.py:651:20: C2801: Unnecessarily calls dunder method __getattribute__. Access attribute directly or use getattr built-in function. (unnecessary-dunder-call)
/code/app/models.py:798:0: R0903: Too few public methods (0/2) (too-few-public-methods)
/code/app/models.py:807:0: R0903: Too few public methods (1/2) (too-few-public-methods)
/code/app/models.py:824:0: R0903: Too few public methods (1/2) (too-few-public-methods)
/code/app/models.py:1018:0: R0903: Too few public methods (1/2) (too-few-public-methods)
/code/app/models.py:1054:0: R0903: Too few public methods (1/2) (too-few-public-methods)
/code/app/models.py:1165:0: R0903: Too few public methods (1/2) (too-few-public-methods)
/code/app/models.py:1209:8: W0702: No exception type(s) specified (bare-except)
/code/app/models.py:1247:8: R1724: Unnecessary "else" after "continue", remove the "else" and de-indent the code inside it (no-else-continue)
/code/app/models.py:12:0: C0411: standard import "import json" should be placed before "from flask.globals import current_app" (wrong-import-order)
/code/app/models.py:13:0: C0411: standard import "import os" should be placed before "from flask.globals import current_app" (wrong-import-order)
************* Module app.form_models
/code/app/form_models.py:7:0: R0022: Useless option value for 'disable', 'no-self-use' was moved to an optional extension, see https://pylint.pycqa.org/en/latest/whatsnew/2/2.14/summary.html#removed-checkers. (useless-option-value)
/code/app/form_models.py:30:0: C0301: Line too long (101/100) (line-too-long)
/code/app/form_models.py:63:0: C0301: Line too long (157/100) (line-too-long)
/code/app/form_models.py:69:0: C0301: Line too long (157/100) (line-too-long)
/code/app/form_models.py:77:0: C0301: Line too long (113/100) (line-too-long)
/code/app/form_models.py:80:0: C0301: Line too long (154/100) (line-too-long)
/code/app/form_models.py:114:0: C0301: Line too long (164/100) (line-too-long)
/code/app/form_models.py:118:0: C0301: Line too long (195/100) (line-too-long)
/code/app/form_models.py:142:5: W0511: return sample_id # TODO (fixme)
/code/app/form_models.py:146:5: W0511: return repository_id # TODO (fixme)
/code/app/form_models.py:2:0: E0611: No name 'BaseModel' in module 'pydantic' (no-name-in-module)
/code/app/form_models.py:2:0: E0611: No name 'constr' in module 'pydantic' (no-name-in-module)
/code/app/form_models.py:2:0: E0611: No name 'AnyUrl' in module 'pydantic' (no-name-in-module)
/code/app/form_models.py:47:4: R0903: Too few public methods (0/2) (too-few-public-methods)
/code/app/form_models.py:55:0: W0613: Unused argument 'kwargs' (unused-argument)
/code/app/form_models.py:106:0: W0613: Unused argument 'kwargs' (unused-argument)
/code/app/form_models.py:129:45: W0613: Unused argument 'values' (unused-argument)
/code/app/form_models.py:129:0: W0613: Unused argument 'kwargs' (unused-argument)
************* Module app.tasks
/code/app/tasks.py:51:55: W0511: TODO unused (fixme)
/code/app/tasks.py:235:8: W0511: TODO preprocessing ambiguous (fixme)
/code/app/tasks.py:71:4: W1203: Use lazy % formatting in logging functions (logging-fstring-interpolation)
/code/app/tasks.py:106:11: W0703: Catching too general exception BaseException (broad-except)
/code/app/tasks.py:119:11: W0703: Catching too general exception BaseException (broad-except)
/code/app/tasks.py:132:11: W0703: Catching too general exception BaseException (broad-except)
/code/app/tasks.py:157:11: W0703: Catching too general exception BaseException (broad-except)
/code/app/tasks.py:181:8: W0612: Unused variable 'job_id' (unused-variable)
/code/app/tasks.py:200:8: W1203: Use lazy % formatting in logging functions (logging-fstring-interpolation)
/code/app/tasks.py:202:16: W1309: Using an f-string that does not have any interpolated variables (f-string-without-interpolation)
/code/app/tasks.py:218:11: W0703: Catching too general exception Exception (broad-except)
/code/app/tasks.py:227:8: W1203: Use lazy % formatting in logging functions (logging-fstring-interpolation)
/code/app/tasks.py:10:0: C0411: standard import "import gzip" should be placed before "from flask import current_app" (wrong-import-order)
/code/app/tasks.py:11:0: C0411: standard import "import json" should be placed before "from flask import current_app" (wrong-import-order)
/code/app/tasks.py:12:0: C0411: standard import "from datetime import datetime" should be placed before "from flask import current_app" (wrong-import-order)
/code/app/tasks.py:2:0: W0611: Unused import hashlib (unused-import)
/code/app/tasks.py:6:0: W0611: Unused switch_backend imported from matplotlib.pyplot (unused-import)
/code/app/tasks.py:7:0: W0611: Unused secure_filename imported from werkzeug.utils (unused-import)
/code/app/tasks.py:9:0: W0611: Unused import requests (unused-import)
/code/app/tasks.py:10:0: W0611: Unused import gzip (unused-import)
/code/app/tasks.py:11:0: W0611: Unused import json (unused-import)
/code/app/tasks.py:16:0: W0611: Unused Task imported from models (unused-import)
/code/app/tasks.py:16:0: W0611: Unused User imported from models (unused-import)
/code/app/tasks.py:16:0: W0611: Unused DataRepository imported from models (unused-import)
/code/app/tasks.py:16:0: W0611: Unused User_DataRepository_Credentials imported from models (unused-import)
************* Module app.background_tasks
/code/app/background_tasks.py:46:8: R1724: Unnecessary "else" after "continue", remove the "else" and de-indent the code inside it (no-else-continue)
************* Module app.config
/code/app/config.py:9:0: R0903: Too few public methods (0/2) (too-few-public-methods)
/code/app/config.py:204:0: R0903: Too few public methods (0/2) (too-few-public-methods)
/code/app/config.py:213:0: R0903: Too few public methods (0/2) (too-few-public-methods)
/code/app/config.py:222:0: R0903: Too few public methods (0/2) (too-few-public-methods)
/code/app/config.py:228:0: R0903: Too few public methods (0/2) (too-few-public-methods)
************* Module app.notifications
/code/app/notifications.py:3:0: E0611: No name 'BaseModel' in module 'pydantic' (no-name-in-module)
/code/app/notifications.py:7:0: R0903: Too few public methods (0/2) (too-few-public-methods)
/code/app/notifications.py:16:0: R0903: Too few public methods (0/2) (too-few-public-methods)
************* Module app.pipeline_steps
/code/app/pipeline_steps.py:74:0: C0301: Line too long (101/100) (line-too-long)
/code/app/pipeline_steps.py:77:0: C0301: Line too long (106/100) (line-too-long)
/code/app/pipeline_steps.py:154:0: C0301: Line too long (106/100) (line-too-long)
/code/app/pipeline_steps.py:208:0: C0301: Line too long (119/100) (line-too-long)
/code/app/pipeline_steps.py:291:0: C0301: Line too long (106/100) (line-too-long)
/code/app/pipeline_steps.py:346:0: C0301: Line too long (118/100) (line-too-long)
/code/app/pipeline_steps.py:351:0: C0301: Line too long (109/100) (line-too-long)
/code/app/pipeline_steps.py:395:0: C0301: Line too long (105/100) (line-too-long)
/code/app/pipeline_steps.py:400:0: C0301: Line too long (121/100) (line-too-long)
/code/app/pipeline_steps.py:441:0: C0301: Line too long (106/100) (line-too-long)
/code/app/pipeline_steps.py:39:4: W1203: Use lazy % formatting in logging functions (logging-fstring-interpolation)
/code/app/pipeline_steps.py:73:0: R0914: Too many local variables (18/15) (too-many-locals)
/code/app/pipeline_steps.py:76:4: W1203: Use lazy % formatting in logging functions (logging-fstring-interpolation)
/code/app/pipeline_steps.py:90:12: W4902: Using deprecated method warn() (deprecated-method)
/code/app/pipeline_steps.py:94:23: W0212: Access to a protected member _do_pileup_fixed_size of a client class (protected-access)
/code/app/pipeline_steps.py:104:23: W0212: Access to a protected member _do_pileup_variable_size of a client class (protected-access)
/code/app/pipeline_steps.py:107:24: W0212: Access to a protected member _do_embedding_2d of a client class (protected-access)
/code/app/pipeline_steps.py:115:4: W0212: Access to a protected member _add_pileup_db of a client class (protected-access)
/code/app/pipeline_steps.py:144:8: W0212: Access to a protected member _add_embedding_2d_to_db of a client class (protected-access)
/code/app/pipeline_steps.py:150:0: R0914: Too many local variables (19/15) (too-many-locals)
/code/app/pipeline_steps.py:153:4: W1203: Use lazy % formatting in logging functions (logging-fstring-interpolation)
/code/app/pipeline_steps.py:169:26: W0212: Access to a protected member _do_stackup_variable_size of a client class (protected-access)
/code/app/pipeline_steps.py:172:28: W0212: Access to a protected member _do_stackup_variable_size of a client class (protected-access)
/code/app/pipeline_steps.py:176:26: W0212: Access to a protected member _do_stackup_fixed_size of a client class (protected-access)
/code/app/pipeline_steps.py:179:28: W0212: Access to a protected member _do_stackup_fixed_size of a client class (protected-access)
/code/app/pipeline_steps.py:198:4: W0212: Access to a protected member _add_stackup_db of a client class (protected-access)
/code/app/pipeline_steps.py:201:4: W0212: Access to a protected member _add_line_db of a client class (protected-access)
/code/app/pipeline_steps.py:207:4: W1203: Use lazy % formatting in logging functions (logging-fstring-interpolation)
/code/app/pipeline_steps.py:216:18: W0212: Access to a protected member _do_enrichment_calculations_variable_size of a client class (protected-access)
/code/app/pipeline_steps.py:220:18: W0212: Access to a protected member _do_enrichment_calculations_fixed_size of a client class (protected-access)
/code/app/pipeline_steps.py:230:4: W0212: Access to a protected member _add_association_data_to_db of a client class (protected-access)
/code/app/pipeline_steps.py:241:28: W0212: Access to a protected member _do_embedding_1d_variable_size of a client class (protected-access)
/code/app/pipeline_steps.py:245:28: W0212: Access to a protected member _do_embedding_1d_fixed_size of a client class (protected-access)
/code/app/pipeline_steps.py:284:8: W0212: Access to a protected member _add_embedding_1d_to_db of a client class (protected-access)
/code/app/pipeline_steps.py:350:4: W1203: Use lazy % formatting in logging functions (logging-fstring-interpolation)
/code/app/pipeline_steps.py:389:11: W0703: Catching too general exception BaseException (broad-except)
/code/app/pipeline_steps.py:399:4: W1203: Use lazy % formatting in logging functions (logging-fstring-interpolation)
/code/app/pipeline_steps.py:435:11: W0703: Catching too general exception BaseException (broad-except)
************* Module app.download_utils
/code/app/download_utils.py:147:0: C0301: Line too long (108/100) (line-too-long)
/code/app/download_utils.py:23:55: W0511: TODO test me (fixme)
/code/app/download_utils.py:155:5: W0511: ds.source_url = metadata['href'] # TODO make way to attach href to the repo url (fixme)
/code/app/download_utils.py:26:0: C0115: Missing class docstring (missing-class-docstring)
/code/app/download_utils.py:30:0: C0115: Missing class docstring (missing-class-docstring)
/code/app/download_utils.py:34:0: C0115: Missing class docstring (missing-class-docstring)
/code/app/download_utils.py:38:0: C0115: Missing class docstring (missing-class-docstring)
/code/app/download_utils.py:42:0: C0115: Missing class docstring (missing-class-docstring)
/code/app/download_utils.py:46:0: C0115: Missing class docstring (missing-class-docstring)
/code/app/download_utils.py:50:0: C0115: Missing class docstring (missing-class-docstring)
/code/app/download_utils.py:72:4: W1203: Use lazy % formatting in logging functions (logging-fstring-interpolation)
/code/app/download_utils.py:74:15: W3101: Missing timeout argument for method 'requests.get' can cause your program to hang indefinitely (missing-timeout)
/code/app/download_utils.py:75:4: W1203: Use lazy % formatting in logging functions (logging-fstring-interpolation)
/code/app/download_utils.py:75:13: W1309: Using an f-string that does not have any interpolated variables (f-string-without-interpolation)
/code/app/download_utils.py:116:15: W3101: Missing timeout argument for method 'requests.get' can cause your program to hang indefinitely (missing-timeout)
/code/app/download_utils.py:151:8: W1203: Use lazy % formatting in logging functions (logging-fstring-interpolation)
/code/app/download_utils.py:152:8: W0707: Consider explicitly re-raising using 'raise MetadataFetchError(f'Metadata Fetch error:{str(err)}') from err' (raise-missing-from)
/code/app/download_utils.py:158:8: W1203: Use lazy % formatting in logging functions (logging-fstring-interpolation)
/code/app/download_utils.py:194:8: W1203: Use lazy % formatting in logging functions (logging-fstring-interpolation)
/code/app/download_utils.py:195:22: W1309: Using an f-string that does not have any interpolated variables (f-string-without-interpolation)
/code/app/download_utils.py:243:8: W1203: Use lazy % formatting in logging functions (logging-fstring-interpolation)
/code/app/download_utils.py:11:0: C0411: standard import "import re" should be placed before "from werkzeug.utils import secure_filename" (wrong-import-order)
/code/app/download_utils.py:12:0: C0411: standard import "import hashlib" should be placed before "from werkzeug.utils import secure_filename" (wrong-import-order)
/code/app/download_utils.py:13:0: C0411: standard import "import gzip" should be placed before "from werkzeug.utils import secure_filename" (wrong-import-order)
/code/app/download_utils.py:14:0: W0611: Unused import db (unused-import)
************* Module app.pipeline_worker_functions
/code/app/pipeline_worker_functions.py:42:0: R0913: Too many arguments (7/5) (too-many-arguments)
/code/app/pipeline_worker_functions.py:42:0: R0914: Too many local variables (19/15) (too-many-locals)
/code/app/pipeline_worker_functions.py:116:0: R0913: Too many arguments (6/5) (too-many-arguments)
/code/app/pipeline_worker_functions.py:116:0: R0914: Too many local variables (24/15) (too-many-locals)
/code/app/pipeline_worker_functions.py:130:4: W1203: Use lazy % formatting in logging functions (logging-fstring-interpolation)
/code/app/pipeline_worker_functions.py:192:23: W0212: Access to a protected member _assign_supports of a client class (protected-access)
/code/app/pipeline_worker_functions.py:198:4: R1705: Unnecessary "else" after "return", remove the "else" and de-indent the code inside it (no-else-return)
/code/app/pipeline_worker_functions.py:116:0: R0912: Too many branches (13/12) (too-many-branches)
/code/app/pipeline_worker_functions.py:224:8: R1719: The if expression can be replaced with 'test' (simplifiable-if-expression)
/code/app/pipeline_worker_functions.py:235:12: R1719: The if expression can be replaced with 'test' (simplifiable-if-expression)
/code/app/pipeline_worker_functions.py:268:8: R1719: The if expression can be replaced with 'test' (simplifiable-if-expression)
/code/app/pipeline_worker_functions.py:287:0: R0914: Too many local variables (16/15) (too-many-locals)
/code/app/pipeline_worker_functions.py:417:0: R0914: Too many local variables (18/15) (too-many-locals)
/code/app/pipeline_worker_functions.py:473:0: R0914: Too many local variables (21/15) (too-many-locals)
/code/app/pipeline_worker_functions.py:637:0: R0913: Too many arguments (6/5) (too-many-arguments)
/code/app/pipeline_worker_functions.py:7:0: W0611: Unused file imported from isort (unused-import)
************* Module app.api.cross_origin
/code/app/api/cross_origin.py:9:63: W0511: TODO finer control (fixme)
************* Module app.api.get_routes
/code/app/api/get_routes.py:598:1: W0511: TODO sprint9 make get route repositories (fixme)
/code/app/api/get_routes.py:606:8: W0511: TODO this is not so good i think? (fixme)
/code/app/api/get_routes.py:610:1: W0511: TODO add tests (fixme)
/code/app/api/get_routes.py:627:5: W0511: TODO EXCEPTION HANDLING (fixme)
/code/app/api/get_routes.py:14:0: C0411: third party import "from hicognition import data_structures" should be placed before "from .. import download_utils" (wrong-import-order)
/code/app/api/get_routes.py:15:0: C0411: third party import "from hicognition.utils import update_processing_state, flatten_and_clean_array" should be placed before "from .. import download_utils" (wrong-import-order)
/code/app/api/get_routes.py:5:0: W0611: Unused HTTPError imported from urllib.error (unused-import)
/code/app/api/get_routes.py:8:0: W0611: Unused HTTPBasicAuth imported from requests.auth (unused-import)
/code/app/api/get_routes.py:21:0: W0611: Unused User_DataRepository_Credentials imported from models (unused-import)
************* Module app.api.authentication
/code/app/api/authentication.py:13:0: C0115: Missing class docstring (missing-class-docstring)
/code/app/api/authentication.py:18:4: C0116: Missing function or method docstring (missing-function-docstring)
/code/app/api/authentication.py:18:34: W0613: Unused argument 'expiration' (unused-argument)
/code/app/api/authentication.py:13:0: R0903: Too few public methods (1/2) (too-few-public-methods)
/code/app/api/authentication.py:70:36: W0621: Redefining name 'request' from outer scope (line 2) (redefined-outer-name)
/code/app/api/authentication.py:70:0: R1710: Either all return statements in a function should return an expression, or none of them should. (inconsistent-return-statements)
************* Module app.api.put_routes
/code/app/api/put_routes.py:51:0: C0116: Missing function or method docstring (missing-function-docstring)
/code/app/api/put_routes.py:51:16: W0613: Unused argument 'user_id' (unused-argument)
************* Module app.api.initialization
/code/app/api/initialization.py:20:0: C0116: Missing function or method docstring (missing-function-docstring)
/code/app/api/initialization.py:21:4: R1705: Unnecessary "else" after "return", remove the "else" and de-indent the code inside it (no-else-return)
/code/app/api/initialization.py:68:9: W1514: Using open without explicitly specifying an encoding (unspecified-encoding)
************* Module app.api.post_routes
/code/app/api/post_routes.py:18:1: W0511: from ..tasks import download_dataset_file # FIXME One can never include this (fixme)
/code/app/api/post_routes.py:99:29: W0511: TODO (fixme)
/code/app/api/post_routes.py:103:39: W0511: TODO which queue to take (fixme)
/code/app/api/post_routes.py:159:29: W0511: TODO (fixme)
/code/app/api/post_routes.py:163:39: W0511: TODO which queue to take (fixme)
/code/app/api/post_routes.py:216:5: W0511: TODO this doesnt work yet (fixme)
/code/app/api/post_routes.py:223:46: W0511: TODO status only used for tests? (fixme)
/code/app/api/post_routes.py:233:8: W0511: TODO preprocessing ambiguous (fixme)
/code/app/api/post_routes.py:41:0: C0115: Missing class docstring (missing-class-docstring)
/code/app/api/post_routes.py:66:8: W0707: Consider explicitly re-raising using 'raise internal_server_error(err, f'Dataset could not be uploaded: There was a server-side error. Error has been logged.') from err' (raise-missing-from)
/code/app/api/post_routes.py:68:12: W1309: Using an f-string that does not have any interpolated variables (f-string-without-interpolation)
/code/app/api/post_routes.py:83:38: C0121: Comparison 'data['public'] == True' should be 'data['public'] is True' if checking for the singleton value True, or 'bool(data['public'])' if testing for truthiness (singleton-comparison)
/code/app/api/post_routes.py:98:11: W0703: Catching too general exception Exception (broad-except)
/code/app/api/post_routes.py:132:8: W0707: Consider explicitly re-raising using 'raise internal_server_error(err, f'Dataset could not be uploaded: There was a server-side error. Error has been logged.') from err' (raise-missing-from)
/code/app/api/post_routes.py:134:12: W1309: Using an f-string that does not have any interpolated variables (f-string-without-interpolation)
/code/app/api/post_routes.py:158:11: W0703: Catching too general exception Exception (broad-except)
/code/app/api/post_routes.py:177:8: W0621: Redefining name 'invalid' from outer scope (line 38) (redefined-outer-name)
/code/app/api/post_routes.py:194:8: W0707: Consider explicitly re-raising using 'raise internal_server_error(err, f'Dataset could not be uploaded: There was a server-side error. Error has been logged.') from err' (raise-missing-from)
/code/app/api/post_routes.py:196:12: W1309: Using an f-string that does not have any interpolated variables (f-string-without-interpolation)
/code/app/api/post_routes.py:202:38: C0121: Comparison 'data['public'] == True' should be 'data['public'] is True' if checking for the singleton value True, or 'bool(data['public'])' if testing for truthiness (singleton-comparison)
/code/app/api/post_routes.py:238:0: R0914: Too many local variables (18/15) (too-many-locals)
/code/app/api/post_routes.py:306:53: W0631: Using possibly undefined loop variable 'dataset' (undefined-loop-variable)
/code/app/api/post_routes.py:238:0: R0911: Too many return statements (7/6) (too-many-return-statements)
/code/app/api/post_routes.py:238:0: R0912: Too many branches (16/12) (too-many-branches)
/code/app/api/post_routes.py:330:0: R0914: Too many local variables (18/15) (too-many-locals)
/code/app/api/post_routes.py:401:68: W0631: Using possibly undefined loop variable 'collection' (undefined-loop-variable)
/code/app/api/post_routes.py:330:0: R0911: Too many return statements (7/6) (too-many-return-statements)
/code/app/api/post_routes.py:330:0: R0912: Too many branches (16/12) (too-many-branches)
/code/app/api/post_routes.py:2:0: W0611: Unused import logging (unused-import)
/code/app/api/post_routes.py:6:0: W0611: Unused import cooler (unused-import)
/code/app/api/post_routes.py:13:0: W0611: Unused parse_binsizes imported from hicognition.utils (unused-import)
/code/app/api/post_routes.py:30:0: W0611: Unused DatasetPostModel imported from form_models (unused-import)
/code/app/api/post_routes.py:1:0: R0801: Similar lines in 2 files
==app.api.get_routes:[138:147]
==app.api.put_routes:[24:34]
    dataset = Dataset.query.get(dataset_id)
    # check whether dataset exists
    if dataset is None:
        return not_found(f"Dataset with id '{dataset_id}' does not exist!")
    # check whether user owns the dataset
    if dataset.is_access_denied(g):
        return forbidden(
            f"Dataset with id '{dataset_id}' is not owned by logged in user!"
        )
    # check form (duplicate-code)
/code/app/api/post_routes.py:1:0: R0801: Similar lines in 2 files
==app.models:[760:765]
==app.pipeline_steps:[442:447]
    associated_tasks = (
        Task.query.join(Intervals)
        .join(Dataset)
        .filter(
            (Dataset.id == region.id) (duplicate-code)
/code/app/api/post_routes.py:1:0: R0801: Similar lines in 2 files
==app.models:[559:564]
==app.pipeline_steps:[292:297]
    associated_tasks = (
        Task.query.join(Intervals)
        .join(Dataset)
        .filter(
            (Dataset.id == region.id) (duplicate-code)
/code/app/api/post_routes.py:1:0: R0801: Similar lines in 2 files
==app.background_tasks:[44:50]
==app.models:[1245:1251]
    for task in tasks:
        if task.get_rq_job() is None:
            # job is not available in rq anymore, is not failed
            continue
        else:
            if task.get_rq_job().get_status() == "failed": (duplicate-code)
/code/app/api/post_routes.py:1:0: R0401: Cyclic import (app.api -> app.api.delete_routes -> app.api.authentication -> app.api.errors) (cyclic-import)
/code/app/api/post_routes.py:1:0: R0401: Cyclic import (app -> app.api -> app.api.delete_routes -> app.api.authentication -> app.models) (cyclic-import)
/code/app/api/post_routes.py:1:0: R0401: Cyclic import (app -> app.api -> app.api.delete_routes) (cyclic-import)
/code/app/api/post_routes.py:1:0: R0401: Cyclic import (app -> app.api -> app.api.get_routes -> app.download_utils -> app.models) (cyclic-import)
/code/app/api/post_routes.py:1:0: R0401: Cyclic import (app -> app.api -> app.api.post_routes -> app.pipeline_steps -> app.notifications) (cyclic-import)
/code/app/api/post_routes.py:1:0: R0401: Cyclic import (app -> app.api -> app.api.post_routes -> app.pipeline_steps) (cyclic-import)
/code/app/api/post_routes.py:1:0: R0401: Cyclic import (app -> app.api -> app.api.post_routes -> app.pipeline_steps -> app.pipeline_worker_functions -> app.models) (cyclic-import)
/code/app/api/post_routes.py:1:0: R0401: Cyclic import (app.api -> app.api.cross_origin) (cyclic-import)
/code/app/api/post_routes.py:1:0: R0401: Cyclic import (app.api -> app.api.delete_routes -> app.api.authentication) (cyclic-import)
/code/app/api/post_routes.py:1:0: R0401: Cyclic import (app.api -> app.api.authentication -> app.api.errors) (cyclic-import)
/code/app/api/post_routes.py:1:0: R0401: Cyclic import (app.api -> app.api.errors) (cyclic-import)
/code/app/api/post_routes.py:1:0: R0401: Cyclic import (app.api -> app.api.delete_routes -> app.api.errors) (cyclic-import)
/code/app/api/post_routes.py:1:0: R0401: Cyclic import (app.api -> app.api.put_routes -> app.api.authentication -> app.api.errors) (cyclic-import)
/code/app/api/post_routes.py:1:0: R0401: Cyclic import (app -> app.api -> app.api.initialization) (cyclic-import)
/code/app/api/post_routes.py:1:0: R0401: Cyclic import (app.api -> app.api.post_routes -> app.api.authentication -> app.api.errors) (cyclic-import)

------------------------------------------------------------------
Your code has been rated at 8.92/10 (previous run: 0.00/10, +8.92)

